This file contains any messages produced by compilers while
running configure, to aid debugging if configure makes a mistake.

It was created by bluez configure 5.40, which was
generated by GNU Autoconf 2.69.  Invocation command line was

  $ ./configure 

## --------- ##
## Platform. ##
## --------- ##

hostname = raspberrypi
uname -m = armv7l
uname -r = 4.1.19-v7+
uname -s = Linux
uname -v = #853 SMP Wed Mar 9 18:09:16 GMT 2016

/usr/bin/uname -p = unknown
/bin/uname -X     = unknown

/bin/arch              = unknown
/usr/bin/arch -k       = unknown
/usr/convex/getsysinfo = unknown
/usr/bin/hostinfo      = unknown
/bin/machine           = unknown
/usr/bin/oslevel       = unknown
/bin/universe          = unknown

PATH: /usr/local/sbin
PATH: /usr/local/bin
PATH: /usr/sbin
PATH: /usr/bin
PATH: /sbin
PATH: /bin
PATH: /usr/local/games
PATH: /usr/games


## ----------- ##
## Core tests. ##
## ----------- ##

configure:2419: checking for a BSD-compatible install
configure:2487: result: /usr/bin/install -c
configure:2498: checking whether build environment is sane
configure:2553: result: yes
configure:2704: checking for a thread-safe mkdir -p
configure:2743: result: /bin/mkdir -p
configure:2750: checking for gawk
configure:2780: result: no
configure:2750: checking for mawk
configure:2766: found /usr/bin/mawk
configure:2777: result: mawk
configure:2788: checking whether make sets $(MAKE)
configure:2810: result: yes
configure:2839: checking whether make supports nested variables
configure:2856: result: yes
configure:2935: checking how to create a pax tar archive
configure:2946: tar --version
tar (GNU tar) 1.27.1
Copyright (C) 2013 Free Software Foundation, Inc.
License GPLv3+: GNU GPL version 3 or later <http://gnu.org/licenses/gpl.html>.
This is free software: you are free to change and redistribute it.
There is NO WARRANTY, to the extent permitted by law.

Written by John Gilmore and Jay Fenlason.
configure:2949: $? = 0
configure:2989: tardir=conftest.dir && eval tar --format=posix -chf - "$tardir" >conftest.tar
configure:2992: $? = 0
configure:2996: tar -xf - <conftest.tar
configure:2999: $? = 0
configure:3001: cat conftest.dir/file
GrepMe
configure:3004: $? = 0
configure:3017: result: gnutar
configure:3081: checking for style of include used by make
configure:3109: result: GNU
configure:3180: checking for gcc
configure:3196: found /usr/bin/gcc
configure:3207: result: gcc
configure:3436: checking for C compiler version
configure:3445: gcc --version >&5
gcc (Raspbian 4.9.2-10) 4.9.2
Copyright (C) 2014 Free Software Foundation, Inc.
This is free software; see the source for copying conditions.  There is NO
warranty; not even for MERCHANTABILITY or FITNESS FOR A PARTICULAR PURPOSE.

configure:3456: $? = 0
configure:3445: gcc -v >&5
Using built-in specs.
COLLECT_GCC=gcc
COLLECT_LTO_WRAPPER=/usr/lib/gcc/arm-linux-gnueabihf/4.9/lto-wrapper
Target: arm-linux-gnueabihf
Configured with: ../src/configure -v --with-pkgversion='Raspbian 4.9.2-10' --with-bugurl=file:///usr/share/doc/gcc-4.9/README.Bugs --enable-languages=c,c++,java,go,d,fortran,objc,obj-c++ --prefix=/usr --program-suffix=-4.9 --enable-shared --enable-linker-build-id --libexecdir=/usr/lib --without-included-gettext --enable-threads=posix --with-gxx-include-dir=/usr/include/c++/4.9 --libdir=/usr/lib --enable-nls --with-sysroot=/ --enable-clocale=gnu --enable-libstdcxx-debug --enable-libstdcxx-time=yes --enable-gnu-unique-object --disable-libitm --disable-libquadmath --enable-plugin --with-system-zlib --disable-browser-plugin --enable-java-awt=gtk --enable-gtk-cairo --with-java-home=/usr/lib/jvm/java-1.5.0-gcj-4.9-armhf/jre --enable-java-home --with-jvm-root-dir=/usr/lib/jvm/java-1.5.0-gcj-4.9-armhf --with-jvm-jar-dir=/usr/lib/jvm-exports/java-1.5.0-gcj-4.9-armhf --with-arch-directory=arm --with-ecj-jar=/usr/share/java/eclipse-ecj.jar --enable-objc-gc --enable-multiarch --disable-sjlj-exceptions --with-arch=armv6 --with-fpu=vfp --with-float=hard --enable-checking=release --build=arm-linux-gnueabihf --host=arm-linux-gnueabihf --target=arm-linux-gnueabihf
Thread model: posix
gcc version 4.9.2 (Raspbian 4.9.2-10) 
configure:3456: $? = 0
configure:3445: gcc -V >&5
gcc: error: unrecognized command line option '-V'
gcc: fatal error: no input files
compilation terminated.
configure:3456: $? = 4
configure:3445: gcc -qversion >&5
gcc: error: unrecognized command line option '-qversion'
gcc: fatal error: no input files
compilation terminated.
configure:3456: $? = 4
configure:3476: checking whether the C compiler works
configure:3498: gcc    conftest.c  >&5
configure:3502: $? = 0
configure:3550: result: yes
configure:3553: checking for C compiler default output file name
configure:3555: result: a.out
configure:3561: checking for suffix of executables
configure:3568: gcc -o conftest    conftest.c  >&5
configure:3572: $? = 0
configure:3594: result: 
configure:3616: checking whether we are cross compiling
configure:3624: gcc -o conftest    conftest.c  >&5
configure:3628: $? = 0
configure:3635: ./conftest
configure:3639: $? = 0
configure:3654: result: no
configure:3659: checking for suffix of object files
configure:3681: gcc -c   conftest.c >&5
configure:3685: $? = 0
configure:3706: result: o
configure:3710: checking whether we are using the GNU C compiler
configure:3729: gcc -c   conftest.c >&5
configure:3729: $? = 0
configure:3738: result: yes
configure:3747: checking whether gcc accepts -g
configure:3767: gcc -c -g  conftest.c >&5
configure:3767: $? = 0
configure:3808: result: yes
configure:3825: checking for gcc option to accept ISO C89
configure:3888: gcc  -c -g -O2  conftest.c >&5
configure:3888: $? = 0
configure:3901: result: none needed
configure:3926: checking whether gcc understands -c and -o together
configure:3948: gcc -c conftest.c -o conftest2.o
configure:3951: $? = 0
configure:3948: gcc -c conftest.c -o conftest2.o
configure:3951: $? = 0
configure:3963: result: yes
configure:3982: checking dependency style of gcc
configure:4093: result: gcc3
configure:4114: checking how to run the C preprocessor
configure:4145: gcc -E  conftest.c
configure:4145: $? = 0
configure:4159: gcc -E  conftest.c
conftest.c:11:28: fatal error: ac_nonexistent.h: No such file or directory
 #include <ac_nonexistent.h>
                            ^
compilation terminated.
configure:4159: $? = 1
configure: failed program was:
| /* confdefs.h */
| #define PACKAGE_NAME "bluez"
| #define PACKAGE_TARNAME "bluez"
| #define PACKAGE_VERSION "5.40"
| #define PACKAGE_STRING "bluez 5.40"
| #define PACKAGE_BUGREPORT ""
| #define PACKAGE_URL ""
| #define PACKAGE "bluez"
| #define VERSION "5.40"
| /* end confdefs.h.  */
| #include <ac_nonexistent.h>
configure:4184: result: gcc -E
configure:4204: gcc -E  conftest.c
configure:4204: $? = 0
configure:4218: gcc -E  conftest.c
conftest.c:11:28: fatal error: ac_nonexistent.h: No such file or directory
 #include <ac_nonexistent.h>
                            ^
compilation terminated.
configure:4218: $? = 1
configure: failed program was:
| /* confdefs.h */
| #define PACKAGE_NAME "bluez"
| #define PACKAGE_TARNAME "bluez"
| #define PACKAGE_VERSION "5.40"
| #define PACKAGE_STRING "bluez 5.40"
| #define PACKAGE_BUGREPORT ""
| #define PACKAGE_URL ""
| #define PACKAGE "bluez"
| #define VERSION "5.40"
| /* end confdefs.h.  */
| #include <ac_nonexistent.h>
configure:4247: checking for grep that handles long lines and -e
configure:4305: result: /bin/grep
configure:4310: checking for egrep
configure:4372: result: /bin/grep -E
configure:4377: checking for ANSI C header files
configure:4397: gcc -c -g -O2  conftest.c >&5
configure:4397: $? = 0
configure:4470: gcc -o conftest -g -O2   conftest.c  >&5
configure:4470: $? = 0
configure:4470: ./conftest
configure:4470: $? = 0
configure:4481: result: yes
configure:4494: checking for sys/types.h
configure:4494: gcc -c -g -O2  conftest.c >&5
configure:4494: $? = 0
configure:4494: result: yes
configure:4494: checking for sys/stat.h
configure:4494: gcc -c -g -O2  conftest.c >&5
configure:4494: $? = 0
configure:4494: result: yes
configure:4494: checking for stdlib.h
configure:4494: gcc -c -g -O2  conftest.c >&5
configure:4494: $? = 0
configure:4494: result: yes
configure:4494: checking for string.h
configure:4494: gcc -c -g -O2  conftest.c >&5
configure:4494: $? = 0
configure:4494: result: yes
configure:4494: checking for memory.h
configure:4494: gcc -c -g -O2  conftest.c >&5
configure:4494: $? = 0
configure:4494: result: yes
configure:4494: checking for strings.h
configure:4494: gcc -c -g -O2  conftest.c >&5
configure:4494: $? = 0
configure:4494: result: yes
configure:4494: checking for inttypes.h
configure:4494: gcc -c -g -O2  conftest.c >&5
configure:4494: $? = 0
configure:4494: result: yes
configure:4494: checking for stdint.h
configure:4494: gcc -c -g -O2  conftest.c >&5
configure:4494: $? = 0
configure:4494: result: yes
configure:4494: checking for unistd.h
configure:4494: gcc -c -g -O2  conftest.c >&5
configure:4494: $? = 0
configure:4494: result: yes
configure:4507: checking minix/config.h usability
configure:4507: gcc -c -g -O2  conftest.c >&5
conftest.c:54:26: fatal error: minix/config.h: No such file or directory
 #include <minix/config.h>
                          ^
compilation terminated.
configure:4507: $? = 1
configure: failed program was:
| /* confdefs.h */
| #define PACKAGE_NAME "bluez"
| #define PACKAGE_TARNAME "bluez"
| #define PACKAGE_VERSION "5.40"
| #define PACKAGE_STRING "bluez 5.40"
| #define PACKAGE_BUGREPORT ""
| #define PACKAGE_URL ""
| #define PACKAGE "bluez"
| #define VERSION "5.40"
| #define STDC_HEADERS 1
| #define HAVE_SYS_TYPES_H 1
| #define HAVE_SYS_STAT_H 1
| #define HAVE_STDLIB_H 1
| #define HAVE_STRING_H 1
| #define HAVE_MEMORY_H 1
| #define HAVE_STRINGS_H 1
| #define HAVE_INTTYPES_H 1
| #define HAVE_STDINT_H 1
| #define HAVE_UNISTD_H 1
| /* end confdefs.h.  */
| #include <stdio.h>
| #ifdef HAVE_SYS_TYPES_H
| # include <sys/types.h>
| #endif
| #ifdef HAVE_SYS_STAT_H
| # include <sys/stat.h>
| #endif
| #ifdef STDC_HEADERS
| # include <stdlib.h>
| # include <stddef.h>
| #else
| # ifdef HAVE_STDLIB_H
| #  include <stdlib.h>
| # endif
| #endif
| #ifdef HAVE_STRING_H
| # if !defined STDC_HEADERS && defined HAVE_MEMORY_H
| #  include <memory.h>
| # endif
| # include <string.h>
| #endif
| #ifdef HAVE_STRINGS_H
| # include <strings.h>
| #endif
| #ifdef HAVE_INTTYPES_H
| # include <inttypes.h>
| #endif
| #ifdef HAVE_STDINT_H
| # include <stdint.h>
| #endif
| #ifdef HAVE_UNISTD_H
| # include <unistd.h>
| #endif
| #include <minix/config.h>
configure:4507: result: no
configure:4507: checking minix/config.h presence
configure:4507: gcc -E  conftest.c
conftest.c:21:26: fatal error: minix/config.h: No such file or directory
 #include <minix/config.h>
                          ^
compilation terminated.
configure:4507: $? = 1
configure: failed program was:
| /* confdefs.h */
| #define PACKAGE_NAME "bluez"
| #define PACKAGE_TARNAME "bluez"
| #define PACKAGE_VERSION "5.40"
| #define PACKAGE_STRING "bluez 5.40"
| #define PACKAGE_BUGREPORT ""
| #define PACKAGE_URL ""
| #define PACKAGE "bluez"
| #define VERSION "5.40"
| #define STDC_HEADERS 1
| #define HAVE_SYS_TYPES_H 1
| #define HAVE_SYS_STAT_H 1
| #define HAVE_STDLIB_H 1
| #define HAVE_STRING_H 1
| #define HAVE_MEMORY_H 1
| #define HAVE_STRINGS_H 1
| #define HAVE_INTTYPES_H 1
| #define HAVE_STDINT_H 1
| #define HAVE_UNISTD_H 1
| /* end confdefs.h.  */
| #include <minix/config.h>
configure:4507: result: no
configure:4507: checking for minix/config.h
configure:4507: result: no
configure:4528: checking whether it is safe to define __EXTENSIONS__
configure:4546: gcc -c -g -O2  conftest.c >&5
configure:4546: $? = 0
configure:4553: result: yes
configure:4579: checking whether make supports nested variables
configure:4596: result: yes
configure:4609: checking whether to enable maintainer-specific portions of Makefiles
configure:4618: result: no
configure:4688: checking for pkg-config
configure:4706: found /usr/bin/pkg-config
configure:4718: result: /usr/bin/pkg-config
configure:4743: checking pkg-config is at least version 0.9.0
configure:4746: result: yes
configure:4782: checking for C/C++ restrict keyword
configure:4807: gcc -c -g -O2  conftest.c >&5
configure:4807: $? = 0
configure:4815: result: __restrict
configure:4877: checking for gcc
configure:4904: result: gcc
configure:5133: checking for C compiler version
configure:5142: gcc --version >&5
gcc (Raspbian 4.9.2-10) 4.9.2
Copyright (C) 2014 Free Software Foundation, Inc.
This is free software; see the source for copying conditions.  There is NO
warranty; not even for MERCHANTABILITY or FITNESS FOR A PARTICULAR PURPOSE.

configure:5153: $? = 0
configure:5142: gcc -v >&5
Using built-in specs.
COLLECT_GCC=gcc
COLLECT_LTO_WRAPPER=/usr/lib/gcc/arm-linux-gnueabihf/4.9/lto-wrapper
Target: arm-linux-gnueabihf
Configured with: ../src/configure -v --with-pkgversion='Raspbian 4.9.2-10' --with-bugurl=file:///usr/share/doc/gcc-4.9/README.Bugs --enable-languages=c,c++,java,go,d,fortran,objc,obj-c++ --prefix=/usr --program-suffix=-4.9 --enable-shared --enable-linker-build-id --libexecdir=/usr/lib --without-included-gettext --enable-threads=posix --with-gxx-include-dir=/usr/include/c++/4.9 --libdir=/usr/lib --enable-nls --with-sysroot=/ --enable-clocale=gnu --enable-libstdcxx-debug --enable-libstdcxx-time=yes --enable-gnu-unique-object --disable-libitm --disable-libquadmath --enable-plugin --with-system-zlib --disable-browser-plugin --enable-java-awt=gtk --enable-gtk-cairo --with-java-home=/usr/lib/jvm/java-1.5.0-gcj-4.9-armhf/jre --enable-java-home --with-jvm-root-dir=/usr/lib/jvm/java-1.5.0-gcj-4.9-armhf --with-jvm-jar-dir=/usr/lib/jvm-exports/java-1.5.0-gcj-4.9-armhf --with-arch-directory=arm --with-ecj-jar=/usr/share/java/eclipse-ecj.jar --enable-objc-gc --enable-multiarch --disable-sjlj-exceptions --with-arch=armv6 --with-fpu=vfp --with-float=hard --enable-checking=release --build=arm-linux-gnueabihf --host=arm-linux-gnueabihf --target=arm-linux-gnueabihf
Thread model: posix
gcc version 4.9.2 (Raspbian 4.9.2-10) 
configure:5153: $? = 0
configure:5142: gcc -V >&5
gcc: error: unrecognized command line option '-V'
gcc: fatal error: no input files
compilation terminated.
configure:5153: $? = 4
configure:5142: gcc -qversion >&5
gcc: error: unrecognized command line option '-qversion'
gcc: fatal error: no input files
compilation terminated.
configure:5153: $? = 4
configure:5157: checking whether we are using the GNU C compiler
configure:5185: result: yes
configure:5194: checking whether gcc accepts -g
configure:5255: result: yes
configure:5272: checking for gcc option to accept ISO C89
configure:5348: result: none needed
configure:5373: checking whether gcc understands -c and -o together
configure:5410: result: yes
configure:5429: checking dependency style of gcc
configure:5540: result: gcc3
configure:5557: checking whether gcc accepts -fPIE
configure:5572: result: yes
configure:5641: checking build system type
configure:5655: result: armv7l-unknown-linux-gnueabihf
configure:5675: checking host system type
configure:5688: result: armv7l-unknown-linux-gnueabihf
configure:5729: checking how to print strings
configure:5756: result: printf
configure:5777: checking for a sed that does not truncate output
configure:5841: result: /bin/sed
configure:5859: checking for fgrep
configure:5921: result: /bin/grep -F
configure:5956: checking for ld used by gcc
configure:6023: result: /usr/bin/ld
configure:6030: checking if the linker (/usr/bin/ld) is GNU ld
configure:6045: result: yes
configure:6057: checking for BSD- or MS-compatible name lister (nm)
configure:6106: result: /usr/bin/nm -B
configure:6236: checking the name lister (/usr/bin/nm -B) interface
configure:6243: gcc -c -g -O2  conftest.c >&5
configure:6246: /usr/bin/nm -B "conftest.o"
configure:6249: output
00000000 B some_variable
configure:6256: result: BSD nm
configure:6259: checking whether ln -s works
configure:6263: result: yes
configure:6271: checking the maximum length of command line arguments
configure:6402: result: 1572864
configure:6419: checking whether the shell understands some XSI constructs
configure:6429: result: yes
configure:6433: checking whether the shell understands "+="
configure:6439: result: yes
configure:6474: checking how to convert armv7l-unknown-linux-gnueabihf file names to armv7l-unknown-linux-gnueabihf format
configure:6514: result: func_convert_file_noop
configure:6521: checking how to convert armv7l-unknown-linux-gnueabihf file names to toolchain format
configure:6541: result: func_convert_file_noop
configure:6548: checking for /usr/bin/ld option to reload object files
configure:6555: result: -r
configure:6629: checking for objdump
configure:6645: found /usr/bin/objdump
configure:6656: result: objdump
configure:6688: checking how to recognize dependent libraries
configure:6886: result: pass_all
configure:6971: checking for dlltool
configure:7001: result: no
configure:7031: checking how to associate runtime and link libraries
configure:7058: result: printf %s\n
configure:7118: checking for ar
configure:7134: found /usr/bin/ar
configure:7145: result: ar
configure:7182: checking for archiver @FILE support
configure:7199: gcc -c -g -O2  conftest.c >&5
configure:7199: $? = 0
configure:7202: ar cru libconftest.a @conftest.lst >&5
configure:7205: $? = 0
configure:7210: ar cru libconftest.a @conftest.lst >&5
ar: conftest.o: No such file or directory
configure:7213: $? = 1
configure:7225: result: @
configure:7283: checking for strip
configure:7299: found /usr/bin/strip
configure:7310: result: strip
configure:7382: checking for ranlib
configure:7398: found /usr/bin/ranlib
configure:7409: result: ranlib
configure:7511: checking command to parse /usr/bin/nm -B output from gcc object
configure:7631: gcc -c -g -O2  conftest.c >&5
configure:7634: $? = 0
configure:7638: /usr/bin/nm -B conftest.o \| sed -n -e 's/^.*[ ]\([ABCDGIRSTW][ABCDGIRSTW]*\)[ ][ ]*\([_A-Za-z][_A-Za-z0-9]*\)$/\1 \2 \2/p' | sed '/ __gnu_lto/d' \> conftest.nm
configure:7641: $? = 0
configure:7707: gcc -o conftest -g -O2   conftest.c conftstm.o >&5
configure:7710: $? = 0
configure:7748: result: ok
configure:7785: checking for sysroot
configure:7815: result: no
configure:8084: checking for mt
configure:8100: found /bin/mt
configure:8111: result: mt
configure:8134: checking if mt is a manifest tool
configure:8140: mt '-?'
configure:8148: result: no
configure:8787: checking for dlfcn.h
configure:8787: gcc -c -g -O2  conftest.c >&5
configure:8787: $? = 0
configure:8787: result: yes
configure:8963: checking for objdir
configure:8978: result: .libs
configure:9245: checking if gcc supports -fno-rtti -fno-exceptions
configure:9263: gcc -c -g -O2  -fno-rtti -fno-exceptions conftest.c >&5
cc1: warning: command line option '-fno-rtti' is valid for C++/ObjC++ but not for C
configure:9267: $? = 0
configure:9280: result: no
configure:9607: checking for gcc option to produce PIC
configure:9614: result: -fPIC -DPIC
configure:9622: checking if gcc PIC flag -fPIC -DPIC works
configure:9640: gcc -c -g -O2  -fPIC -DPIC -DPIC conftest.c >&5
configure:9644: $? = 0
configure:9657: result: yes
configure:9686: checking if gcc static flag -static works
configure:9714: result: yes
configure:9729: checking if gcc supports -c -o file.o
configure:9750: gcc -c -g -O2  -o out/conftest2.o conftest.c >&5
configure:9754: $? = 0
configure:9776: result: yes
configure:9784: checking if gcc supports -c -o file.o
configure:9831: result: yes
configure:9864: checking whether the gcc linker (/usr/bin/ld) supports shared libraries
configure:11021: result: yes
configure:11058: checking whether -lc should be explicitly linked in
configure:11066: gcc -c -g -O2  conftest.c >&5
configure:11069: $? = 0
configure:11084: gcc -shared  -fPIC -DPIC conftest.o  -v -Wl,-soname -Wl,conftest -o conftest 2\>\&1 \| /bin/grep  -lc  \>/dev/null 2\>\&1
configure:11087: $? = 0
configure:11101: result: no
configure:11261: checking dynamic linker characteristics
configure:11761: gcc -o conftest -g -O2   -Wl,-rpath -Wl,/foo conftest.c  >&5
configure:11761: $? = 0
configure:11995: result: GNU/Linux ld.so
configure:12102: checking how to hardcode library paths into programs
configure:12127: result: immediate
configure:12667: checking whether stripping libraries is possible
configure:12672: result: yes
configure:12707: checking if libtool supports shared libraries
configure:12709: result: yes
configure:12712: checking whether to build shared libraries
configure:12733: result: yes
configure:12736: checking whether to build static libraries
configure:12740: result: no
configure:12978: checking for signalfd
configure:12978: gcc -o conftest -g -O2   conftest.c  >&5
configure:12978: $? = 0
configure:12978: result: yes
configure:12986: checking for clock_gettime in -lrt
configure:13011: gcc -o conftest -g -O2   conftest.c -lrt   >&5
configure:13011: $? = 0
configure:13020: result: yes
configure:13029: checking for pthread_create in -lpthread
configure:13054: gcc -o conftest -g -O2   conftest.c -lpthread   >&5
configure:13054: $? = 0
configure:13063: result: yes
configure:13072: checking for dlopen in -ldl
configure:13097: gcc -o conftest -g -O2   conftest.c -ldl   >&5
configure:13097: $? = 0
configure:13106: result: yes
configure:13118: checking linux/types.h usability
configure:13118: gcc -c -g -O2  conftest.c >&5
configure:13118: $? = 0
configure:13118: result: yes
configure:13118: checking linux/types.h presence
configure:13118: gcc -E  conftest.c
configure:13118: $? = 0
configure:13118: result: yes
configure:13118: checking for linux/types.h
configure:13118: result: yes
configure:13118: checking linux/if_alg.h usability
configure:13118: gcc -c -g -O2  conftest.c >&5
configure:13118: $? = 0
configure:13118: result: yes
configure:13118: checking linux/if_alg.h presence
configure:13118: gcc -E  conftest.c
configure:13118: $? = 0
configure:13118: result: yes
configure:13118: checking for linux/if_alg.h
configure:13118: result: yes
configure:13131: checking for GLIB
configure:13138: $PKG_CONFIG --exists --print-errors "glib-2.0 >= 2.28"
configure:13141: $? = 0
configure:13155: $PKG_CONFIG --exists --print-errors "glib-2.0 >= 2.28"
configure:13158: $? = 0
configure:13196: result: yes
configure:13284: checking for DBUS
configure:13291: $PKG_CONFIG --exists --print-errors "dbus-1 >= 1.6"
configure:13294: $? = 0
configure:13308: $PKG_CONFIG --exists --print-errors "dbus-1 >= 1.6"
configure:13311: $? = 0
configure:13349: result: yes
configure:13363: checking D-Bus configuration directory
configure:13369: result: /etc
configure:13382: checking D-Bus system bus services dir
configure:13388: result: /usr/share/dbus-1/system-services
configure:13401: checking D-Bus session bus services dir
configure:13407: result: /usr/share/dbus-1/services
configure:13501: checking for UDEV
configure:13508: $PKG_CONFIG --exists --print-errors "libudev >= 172"
configure:13511: $? = 0
configure:13525: $PKG_CONFIG --exists --print-errors "libudev >= 172"
configure:13528: $? = 0
configure:13566: result: yes
configure:13572: checking for udev_hwdb_new in -ludev
configure:13597: gcc -o conftest -g -O2   conftest.c -ludev   >&5
configure:13597: $? = 0
configure:13606: result: yes
configure:13631: checking udev directory
configure:13637: result: /lib/udev
configure:13675: checking for ICAL
configure:13682: $PKG_CONFIG --exists --print-errors "libical"
configure:13685: $? = 0
configure:13699: $PKG_CONFIG --exists --print-errors "libical"
configure:13702: $? = 0
configure:13740: result: yes
configure:13773: checking readline/readline.h usability
configure:13773: gcc -c -g -O2  conftest.c >&5
configure:13773: $? = 0
configure:13773: result: yes
configure:13773: checking readline/readline.h presence
configure:13773: gcc -E  conftest.c
configure:13773: $? = 0
configure:13773: result: yes
configure:13773: checking for readline/readline.h
configure:13773: result: yes
configure:13816: checking systemd system unit dir
configure:13822: result: /lib/systemd/system
configure:13835: checking systemd user unit dir
configure:13841: result: /usr/lib/systemd/user
configure:14234: checking that generated files are newer than configure
configure:14240: result: done
configure:14351: creating ./config.status

## ---------------------- ##
## Running config.status. ##
## ---------------------- ##

This file was extended by bluez config.status 5.40, which was
generated by GNU Autoconf 2.69.  Invocation command line was

  CONFIG_FILES    = 
  CONFIG_HEADERS  = 
  CONFIG_LINKS    = 
  CONFIG_COMMANDS = 
  $ ./config.status 

on raspberrypi

config.status:1170: creating Makefile
config.status:1170: creating src/bluetoothd.8
config.status:1170: creating lib/bluez.pc
config.status:1170: creating config.h
config.status:1351: config.h is unchanged
config.status:1399: executing depfiles commands
config.status:1399: executing libtool commands

## ---------------- ##
## Cache variables. ##
## ---------------- ##

ac_cv_build=armv7l-unknown-linux-gnueabihf
ac_cv_c_compiler_gnu=yes
ac_cv_c_restrict=__restrict
ac_cv_env_CC_set=
ac_cv_env_CC_value=
ac_cv_env_CFLAGS_set=
ac_cv_env_CFLAGS_value=
ac_cv_env_CPPFLAGS_set=
ac_cv_env_CPPFLAGS_value=
ac_cv_env_CPP_set=
ac_cv_env_CPP_value=
ac_cv_env_DBUS_CFLAGS_set=
ac_cv_env_DBUS_CFLAGS_value=
ac_cv_env_DBUS_LIBS_set=
ac_cv_env_DBUS_LIBS_value=
ac_cv_env_GLIB_CFLAGS_set=
ac_cv_env_GLIB_CFLAGS_value=
ac_cv_env_GLIB_LIBS_set=
ac_cv_env_GLIB_LIBS_value=
ac_cv_env_GTHREAD_CFLAGS_set=
ac_cv_env_GTHREAD_CFLAGS_value=
ac_cv_env_GTHREAD_LIBS_set=
ac_cv_env_GTHREAD_LIBS_value=
ac_cv_env_ICAL_CFLAGS_set=
ac_cv_env_ICAL_CFLAGS_value=
ac_cv_env_ICAL_LIBS_set=
ac_cv_env_ICAL_LIBS_value=
ac_cv_env_LDFLAGS_set=
ac_cv_env_LDFLAGS_value=
ac_cv_env_LIBS_set=
ac_cv_env_LIBS_value=
ac_cv_env_PKG_CONFIG_LIBDIR_set=
ac_cv_env_PKG_CONFIG_LIBDIR_value=
ac_cv_env_PKG_CONFIG_PATH_set=
ac_cv_env_PKG_CONFIG_PATH_value=
ac_cv_env_PKG_CONFIG_set=
ac_cv_env_PKG_CONFIG_value=
ac_cv_env_SBC_CFLAGS_set=
ac_cv_env_SBC_CFLAGS_value=
ac_cv_env_SBC_LIBS_set=
ac_cv_env_SBC_LIBS_value=
ac_cv_env_SPEEXDSP_CFLAGS_set=
ac_cv_env_SPEEXDSP_CFLAGS_value=
ac_cv_env_SPEEXDSP_LIBS_set=
ac_cv_env_SPEEXDSP_LIBS_value=
ac_cv_env_UDEV_CFLAGS_set=
ac_cv_env_UDEV_CFLAGS_value=
ac_cv_env_UDEV_LIBS_set=
ac_cv_env_UDEV_LIBS_value=
ac_cv_env_build_alias_set=
ac_cv_env_build_alias_value=
ac_cv_env_host_alias_set=
ac_cv_env_host_alias_value=
ac_cv_env_target_alias_set=
ac_cv_env_target_alias_value=
ac_cv_func_signalfd=yes
ac_cv_header_dlfcn_h=yes
ac_cv_header_inttypes_h=yes
ac_cv_header_linux_if_alg_h=yes
ac_cv_header_linux_types_h=yes
ac_cv_header_memory_h=yes
ac_cv_header_minix_config_h=no
ac_cv_header_readline_readline_h=yes
ac_cv_header_stdc=yes
ac_cv_header_stdint_h=yes
ac_cv_header_stdlib_h=yes
ac_cv_header_string_h=yes
ac_cv_header_strings_h=yes
ac_cv_header_sys_stat_h=yes
ac_cv_header_sys_types_h=yes
ac_cv_header_unistd_h=yes
ac_cv_host=armv7l-unknown-linux-gnueabihf
ac_cv_lib_dl_dlopen=yes
ac_cv_lib_pthread_pthread_create=yes
ac_cv_lib_rt_clock_gettime=yes
ac_cv_lib_udev_udev_hwdb_new=yes
ac_cv_objext=o
ac_cv_path_EGREP='/bin/grep -E'
ac_cv_path_FGREP='/bin/grep -F'
ac_cv_path_GREP=/bin/grep
ac_cv_path_SED=/bin/sed
ac_cv_path_ac_pt_PKG_CONFIG=/usr/bin/pkg-config
ac_cv_path_install='/usr/bin/install -c'
ac_cv_path_mkdir=/bin/mkdir
ac_cv_prog_AWK=mawk
ac_cv_prog_CPP='gcc -E'
ac_cv_prog_ac_ct_AR=ar
ac_cv_prog_ac_ct_CC=gcc
ac_cv_prog_ac_ct_MANIFEST_TOOL=mt
ac_cv_prog_ac_ct_OBJDUMP=objdump
ac_cv_prog_ac_ct_RANLIB=ranlib
ac_cv_prog_ac_ct_STRIP=strip
ac_cv_prog_cc_c89=
ac_cv_prog_cc_g=yes
ac_cv_prog_cc_pie=yes
ac_cv_prog_make_make_set=yes
ac_cv_safe_to_define___extensions__=yes
am_cv_CC_dependencies_compiler_type=gcc3
am_cv_make_support_nested_variables=yes
am_cv_prog_cc_c_o=yes
am_cv_prog_tar_pax=gnutar
lt_cv_ar_at_file=@
lt_cv_archive_cmds_need_lc=no
lt_cv_deplibs_check_method=pass_all
lt_cv_file_magic_cmd='$MAGIC_CMD'
lt_cv_file_magic_test_file=
lt_cv_ld_reload_flag=-r
lt_cv_nm_interface='BSD nm'
lt_cv_objdir=.libs
lt_cv_path_LD=/usr/bin/ld
lt_cv_path_NM='/usr/bin/nm -B'
lt_cv_path_mainfest_tool=no
lt_cv_prog_compiler_c_o=yes
lt_cv_prog_compiler_pic='-fPIC -DPIC'
lt_cv_prog_compiler_pic_works=yes
lt_cv_prog_compiler_rtti_exceptions=no
lt_cv_prog_compiler_static_works=yes
lt_cv_prog_gnu_ld=yes
lt_cv_sharedlib_from_linklib_cmd='printf %s\n'
lt_cv_shlibpath_overrides_runpath=no
lt_cv_sys_global_symbol_pipe='sed -n -e '\''s/^.*[	 ]\([ABCDGIRSTW][ABCDGIRSTW]*\)[	 ][	 ]*\([_A-Za-z][_A-Za-z0-9]*\)$/\1 \2 \2/p'\'' | sed '\''/ __gnu_lto/d'\'''
lt_cv_sys_global_symbol_to_c_name_address='sed -n -e '\''s/^: \([^ ]*\)[ ]*$/  {\"\1\", (void *) 0},/p'\'' -e '\''s/^[ABCDGIRSTW]* \([^ ]*\) \([^ ]*\)$/  {"\2", (void *) \&\2},/p'\'''
lt_cv_sys_global_symbol_to_c_name_address_lib_prefix='sed -n -e '\''s/^: \([^ ]*\)[ ]*$/  {\"\1\", (void *) 0},/p'\'' -e '\''s/^[ABCDGIRSTW]* \([^ ]*\) \(lib[^ ]*\)$/  {"\2", (void *) \&\2},/p'\'' -e '\''s/^[ABCDGIRSTW]* \([^ ]*\) \([^ ]*\)$/  {"lib\2", (void *) \&\2},/p'\'''
lt_cv_sys_global_symbol_to_cdecl='sed -n -e '\''s/^T .* \(.*\)$/extern int \1();/p'\'' -e '\''s/^[ABCDGIRSTW]* .* \(.*\)$/extern char \1;/p'\'''
lt_cv_sys_max_cmd_len=1572864
lt_cv_to_host_file_cmd=func_convert_file_noop
lt_cv_to_tool_file_cmd=func_convert_file_noop
pkg_cv_DBUS_CFLAGS='-I/usr/include/dbus-1.0 -I/usr/lib/arm-linux-gnueabihf/dbus-1.0/include '
pkg_cv_DBUS_LIBS='-ldbus-1 '
pkg_cv_GLIB_CFLAGS='-I/usr/include/glib-2.0 -I/usr/lib/arm-linux-gnueabihf/glib-2.0/include '
pkg_cv_GLIB_LIBS='-lglib-2.0 '
pkg_cv_ICAL_CFLAGS=
pkg_cv_ICAL_LIBS='-lical -licalss -licalvcal -lpthread '
pkg_cv_UDEV_CFLAGS=
pkg_cv_UDEV_LIBS='-ludev '

## ----------------- ##
## Output variables. ##
## ----------------- ##

ACLOCAL='${SHELL} /home/pi/Desktop/bluez-5.40/missing aclocal-1.14'
AMDEPBACKSLASH='\'
AMDEP_FALSE='#'
AMDEP_TRUE=''
AMTAR='$${TAR-tar}'
AM_BACKSLASH='\'
AM_DEFAULT_V='$(AM_DEFAULT_VERBOSITY)'
AM_DEFAULT_VERBOSITY='0'
AM_V='$(V)'
ANDROID_FALSE=''
ANDROID_TRUE='#'
AR='ar'
AUTOCONF='${SHELL} /home/pi/Desktop/bluez-5.40/missing autoconf'
AUTOHEADER='${SHELL} /home/pi/Desktop/bluez-5.40/missing autoheader'
AUTOMAKE='${SHELL} /home/pi/Desktop/bluez-5.40/missing automake-1.14'
AWK='mawk'
BACKTRACE_CFLAGS=''
BACKTRACE_LIBS=''
CC='gcc'
CCDEPMODE='depmode=gcc3'
CFLAGS='-g -O2'
CLIENT_FALSE='#'
CLIENT_TRUE=''
CONFIGDIR='/usr/local/etc/bluetooth'
COVERAGE_FALSE=''
COVERAGE_TRUE='#'
CPP='gcc -E'
CPPFLAGS=''
CUPS_FALSE='#'
CUPS_TRUE=''
CYGPATH_W='echo'
DATAFILES_FALSE='#'
DATAFILES_TRUE=''
DBUS_CFLAGS='-I/usr/include/dbus-1.0 -I/usr/lib/arm-linux-gnueabihf/dbus-1.0/include '
DBUS_CONFDIR='/etc'
DBUS_LIBS='-ldbus-1 '
DBUS_RUN_SESSION_FALSE=''
DBUS_RUN_SESSION_TRUE='#'
DBUS_SESSIONBUSDIR='/usr/share/dbus-1/services'
DBUS_SYSTEMBUSDIR='/usr/share/dbus-1/system-services'
DEFS='-DHAVE_CONFIG_H'
DEPDIR='.deps'
DEPRECATED_FALSE=''
DEPRECATED_TRUE='#'
DLLTOOL='false'
DSYMUTIL=''
DUMPBIN=''
ECHO_C=''
ECHO_N='-n'
ECHO_T=''
EGREP='/bin/grep -E'
EXEEXT=''
EXPERIMENTAL_FALSE=''
EXPERIMENTAL_TRUE='#'
FGREP='/bin/grep -F'
GLIB_CFLAGS='-I/usr/include/glib-2.0 -I/usr/lib/arm-linux-gnueabihf/glib-2.0/include '
GLIB_LIBS='-lglib-2.0 '
GREP='/bin/grep'
GTHREAD_CFLAGS=''
GTHREAD_LIBS=''
HID2HCI_FALSE='#'
HID2HCI_TRUE=''
ICAL_CFLAGS=''
ICAL_LIBS='-lical -licalss -licalvcal -lpthread '
INSTALL_DATA='${INSTALL} -m 644'
INSTALL_PROGRAM='${INSTALL}'
INSTALL_SCRIPT='${INSTALL}'
INSTALL_STRIP_PROGRAM='$(install_sh) -c -s'
LD='/usr/bin/ld'
LDFLAGS=''
LIBOBJS=''
LIBRARY_FALSE=''
LIBRARY_TRUE='#'
LIBS=''
LIBTOOL='$(SHELL) $(top_builddir)/libtool'
LIPO=''
LN_S='ln -s'
LTLIBOBJS=''
MAINT='#'
MAINTAINER_MODE_FALSE=''
MAINTAINER_MODE_TRUE='#'
MAKEINFO='${SHELL} /home/pi/Desktop/bluez-5.40/missing makeinfo'
MANIFEST_TOOL=':'
MANPAGES_FALSE=''
MANPAGES_TRUE='#'
MISC_CFLAGS=''
MISC_LDFLAGS=''
MKDIR_P='/bin/mkdir -p'
MONITOR_FALSE='#'
MONITOR_TRUE=''
NM='/usr/bin/nm -B'
NMEDIT=''
OBEX_FALSE='#'
OBEX_TRUE=''
OBJDUMP='objdump'
OBJEXT='o'
OTOOL64=''
OTOOL=''
PACKAGE='bluez'
PACKAGE_BUGREPORT=''
PACKAGE_NAME='bluez'
PACKAGE_STRING='bluez 5.40'
PACKAGE_TARNAME='bluez'
PACKAGE_URL=''
PACKAGE_VERSION='5.40'
PATH_SEPARATOR=':'
PKG_CONFIG='/usr/bin/pkg-config'
PKG_CONFIG_LIBDIR=''
PKG_CONFIG_PATH=''
RANLIB='ranlib'
READLINE_FALSE='#'
READLINE_TRUE=''
SBC_CFLAGS=''
SBC_LIBS=''
SED='/bin/sed'
SET_MAKE=''
SHELL='/bin/bash'
SIXAXIS_FALSE=''
SIXAXIS_TRUE='#'
SPEEXDSP_CFLAGS=''
SPEEXDSP_LIBS=''
STRIP='strip'
SYSTEMD_FALSE='#'
SYSTEMD_SYSTEMUNITDIR='/lib/systemd/system'
SYSTEMD_TRUE=''
SYSTEMD_USERUNITDIR='/usr/lib/systemd/user'
TEST_FALSE=''
TEST_TRUE='#'
TOOLS_FALSE='#'
TOOLS_TRUE=''
UDEV_CFLAGS=''
UDEV_DIR='/lib/udev'
UDEV_FALSE='#'
UDEV_LIBS='-ludev '
UDEV_TRUE=''
VALGRIND_FALSE=''
VALGRIND_TRUE='#'
VERSION='5.40'
WARNING_CFLAGS=''
ac_ct_AR='ar'
ac_ct_CC='gcc'
ac_ct_DUMPBIN=''
am__EXEEXT_FALSE=''
am__EXEEXT_TRUE='#'
am__fastdepCC_FALSE='#'
am__fastdepCC_TRUE=''
am__include='include'
am__isrc=''
am__leading_dot='.'
am__nodep='_no'
am__quote=''
am__tar='tar --format=posix -chf - "$$tardir"'
am__untar='tar -xf -'
bindir='${exec_prefix}/bin'
build='armv7l-unknown-linux-gnueabihf'
build_alias=''
build_cpu='armv7l'
build_os='linux-gnueabihf'
build_vendor='unknown'
datadir='${datarootdir}'
datarootdir='${prefix}/share'
docdir='${datarootdir}/doc/${PACKAGE_TARNAME}'
dvidir='${docdir}'
enable_coverage=''
enable_dbus_run_session=''
enable_valgrind=''
exec_prefix='${prefix}'
host='armv7l-unknown-linux-gnueabihf'
host_alias=''
host_cpu='armv7l'
host_os='linux-gnueabihf'
host_vendor='unknown'
htmldir='${docdir}'
includedir='${prefix}/include'
infodir='${datarootdir}/info'
install_sh='${SHELL} /home/pi/Desktop/bluez-5.40/install-sh'
libdir='${exec_prefix}/lib'
libexecdir='${exec_prefix}/libexec'
localedir='${datarootdir}/locale'
localstatedir='/var'
mandir='${datarootdir}/man'
mkdir_p='$(MKDIR_P)'
oldincludedir='/usr/include'
pdfdir='${docdir}'
prefix='/usr/local'
program_transform_name='s,x,x,'
psdir='${docdir}'
sbindir='${exec_prefix}/sbin'
sharedstatedir='${prefix}/com'
sysconfdir='${prefix}/etc'
target_alias=''

## ----------- ##
## confdefs.h. ##
## ----------- ##

/* confdefs.h */
#define PACKAGE_NAME "bluez"
#define PACKAGE_TARNAME "bluez"
#define PACKAGE_VERSION "5.40"
#define PACKAGE_STRING "bluez 5.40"
#define PACKAGE_BUGREPORT ""
#define PACKAGE_URL ""
#define PACKAGE "bluez"
#define VERSION "5.40"
#define STDC_HEADERS 1
#define HAVE_SYS_TYPES_H 1
#define HAVE_SYS_STAT_H 1
#define HAVE_STDLIB_H 1
#define HAVE_STRING_H 1
#define HAVE_MEMORY_H 1
#define HAVE_STRINGS_H 1
#define HAVE_INTTYPES_H 1
#define HAVE_STDINT_H 1
#define HAVE_UNISTD_H 1
#define __EXTENSIONS__ 1
#define _ALL_SOURCE 1
#define _GNU_SOURCE 1
#define _POSIX_PTHREAD_SEMANTICS 1
#define _TANDEM_SOURCE 1
#define restrict __restrict
#define HAVE_DLFCN_H 1
#define LT_OBJDIR ".libs/"
#define HAVE_LINUX_TYPES_H 1
#define HAVE_LINUX_IF_ALG_H 1
#define HAVE_UDEV_HWDB_NEW 1
#define HAVE_READLINE_READLINE_H 1
#define STORAGEDIR "/var/lib/bluetooth"
#define CONFIGDIR "/usr/local/etc/bluetooth"
#define ANDROID_STORAGEDIR "/var/lib/bluetooth/android"

configure: exit 0
